0 info it worked if it ends with ok
1 verbose cli [ '/usr/bin/node',
1 verbose cli   '/usr/bin/npm',
1 verbose cli   'install',
1 verbose cli   'crypto-js',
1 verbose cli   '--save' ]
2 info using npm@3.5.2
3 info using node@v8.10.0
4 silly loadCurrentTree Starting
5 silly install loadCurrentTree
6 silly install readLocalPackageData
7 silly fetchPackageMetaData crypto-js
8 silly fetchNamedPackageData crypto-js
9 silly mapToRegistry name crypto-js
10 silly mapToRegistry using default registry
11 silly mapToRegistry registry https://registry.npmjs.org/
12 silly mapToRegistry uri https://registry.npmjs.org/crypto-js
13 verbose request uri https://registry.npmjs.org/crypto-js
14 verbose request no auth needed
15 info attempt registry request try #1 at 9:15:33 AM
16 verbose request id 54e7a56e0f06fd87
17 http request GET https://registry.npmjs.org/crypto-js
18 info retry will retry, error on last attempt: Error: socket hang up
19 info attempt registry request try #2 at 9:15:44 AM
20 http request GET https://registry.npmjs.org/crypto-js
21 info retry will retry, error on last attempt: Error: socket hang up
22 info attempt registry request try #3 at 9:16:44 AM
23 http request GET https://registry.npmjs.org/crypto-js
24 silly fetchPackageMetaData Error: socket hang up
24 silly fetchPackageMetaData     at TLSSocket.onHangUp (_tls_wrap.js:1137:19)
24 silly fetchPackageMetaData     at Object.onceWrapper (events.js:313:30)
24 silly fetchPackageMetaData     at emitNone (events.js:111:20)
24 silly fetchPackageMetaData     at TLSSocket.emit (events.js:208:7)
24 silly fetchPackageMetaData     at endReadableNT (_stream_readable.js:1064:12)
24 silly fetchPackageMetaData     at _combinedTickCallback (internal/process/next_tick.js:138:11)
24 silly fetchPackageMetaData     at process._tickCallback (internal/process/next_tick.js:180:9)
24 silly fetchPackageMetaData  error for crypto-js { Error: socket hang up
24 silly fetchPackageMetaData     at TLSSocket.onHangUp (_tls_wrap.js:1137:19)
24 silly fetchPackageMetaData     at Object.onceWrapper (events.js:313:30)
24 silly fetchPackageMetaData     at emitNone (events.js:111:20)
24 silly fetchPackageMetaData     at TLSSocket.emit (events.js:208:7)
24 silly fetchPackageMetaData     at endReadableNT (_stream_readable.js:1064:12)
24 silly fetchPackageMetaData     at _combinedTickCallback (internal/process/next_tick.js:138:11)
24 silly fetchPackageMetaData     at process._tickCallback (internal/process/next_tick.js:180:9)
24 silly fetchPackageMetaData   code: 'ECONNRESET',
24 silly fetchPackageMetaData   path: null,
24 silly fetchPackageMetaData   host: 'registry.npmjs.org',
24 silly fetchPackageMetaData   port: 443,
24 silly fetchPackageMetaData   localAddress: undefined }
25 silly rollbackFailedOptional Starting
26 silly rollbackFailedOptional Finishing
27 silly runTopLevelLifecycles Starting
28 silly runTopLevelLifecycles Finishing
29 silly install printInstalled
30 verbose stack Error: socket hang up
30 verbose stack     at TLSSocket.onHangUp (_tls_wrap.js:1137:19)
30 verbose stack     at Object.onceWrapper (events.js:313:30)
30 verbose stack     at emitNone (events.js:111:20)
30 verbose stack     at TLSSocket.emit (events.js:208:7)
30 verbose stack     at endReadableNT (_stream_readable.js:1064:12)
30 verbose stack     at _combinedTickCallback (internal/process/next_tick.js:138:11)
30 verbose stack     at process._tickCallback (internal/process/next_tick.js:180:9)
31 verbose cwd /mnt/c/Users/Ingen/source/repos/javascript-blockchain
32 error Linux 4.4.0-17763-Microsoft
33 error argv "/usr/bin/node" "/usr/bin/npm" "install" "crypto-js" "--save"
34 error node v8.10.0
35 error npm  v3.5.2
36 error code ECONNRESET
37 error network socket hang up
38 error network This is most likely not a problem with npm itself
38 error network and is related to network connectivity.
38 error network In most cases you are behind a proxy or have bad network settings.
38 error network
38 error network If you are behind a proxy, please make sure that the
38 error network 'proxy' config is set properly.  See: 'npm help config'
39 verbose exit [ 1, true ]
